TN:
SF:src/CollateralManager.sol
DA:18,179
FN:18,CollateralManager.constructor
FNDA:179,CollateralManager.constructor
DA:19,179
BRDA:19,0,0,-
BRDA:19,0,1,179
DA:20,179
DA:21,179
DA:22,179
DA:25,179
DA:28,273
FN:28,CollateralManager.onlyProductManager
FNDA:273,CollateralManager.onlyProductManager
DA:29,273
BRDA:29,1,0,-
BRDA:29,1,1,6
DA:36,269
FN:36,CollateralManager.onlyOrderManager
FNDA:269,CollateralManager.onlyOrderManager
DA:37,269
BRDA:37,2,0,1
BRDA:37,2,1,570
DA:44,1899
FN:44,CollateralManager.addProductCollateral
FNDA:1899,CollateralManager.addProductCollateral
DA:45,1899
BRDA:45,3,0,1
BRDA:45,3,1,1898
DA:46,1898
DA:49,550
FN:49,CollateralManager.shippingServiceDeposit
FNDA:550,CollateralManager.shippingServiceDeposit
DA:50,550
BRDA:50,4,0,1
BRDA:50,4,1,549
DA:51,549
DA:54,1170
FN:54,CollateralManager.isEnoughProductCollateral
FNDA:1170,CollateralManager.isEnoughProductCollateral
DA:59,1170
DA:62,1170
DA:65,261
FN:65,CollateralManager.getRequiredProductCollateral
FNDA:261,CollateralManager.getRequiredProductCollateral
DA:69,261
DA:72,260
FN:72,CollateralManager.getRequiredSellerCollateral
FNDA:260,CollateralManager.getRequiredSellerCollateral
DA:76,529
DA:79,6
FN:79,CollateralManager.refundProductCollateral
FNDA:6,CollateralManager.refundProductCollateral
DA:83,6
DA:84,6
DA:85,6
DA:88,273
FN:88,CollateralManager.withdrawExcessProductCollateral
FNDA:273,CollateralManager.withdrawExcessProductCollateral
DA:94,272
DA:97,272
DA:99,272
DA:100,272
DA:103,571
FN:103,CollateralManager.order
FNDA:571,CollateralManager.order
DA:109,570
DA:112,570
BRDA:112,5,0,1
BRDA:112,5,1,569
DA:116,569
DA:117,569
DA:120,21
FN:120,CollateralManager.depositShippingFee
FNDA:21,CollateralManager.depositShippingFee
DA:123,20
DA:126,285
FN:126,CollateralManager.takeOrder
FNDA:285,CollateralManager.takeOrder
DA:132,284
DA:133,284
BRDA:133,6,0,3
BRDA:133,6,1,281
DA:137,281
DA:138,281
DA:141,269
FN:141,CollateralManager.confirm
FNDA:269,CollateralManager.confirm
DA:148,268
BRDA:148,7,0,1
BRDA:148,7,1,267
DA:149,267
DA:150,267
DA:154,267
DA:155,267
DA:156,267
DA:157,267
DA:160,7
FN:160,CollateralManager.customerRefund
FNDA:7,CollateralManager.customerRefund
DA:164,6
DA:165,6
DA:168,279
FN:168,CollateralManager.dispute
FNDA:279,CollateralManager.dispute
DA:169,278
BRDA:169,8,0,2
BRDA:169,8,1,276
DA:170,276
DA:173,10
FN:173,CollateralManager.resolveDispute
FNDA:10,CollateralManager.resolveDispute
DA:182,9
BRDA:182,9,0,2
BRDA:182,9,1,7
DA:183,7
DA:185,5
BRDA:185,10,0,5
BRDA:185,10,1,5
DA:186,5
DA:187,5
DA:188,5
BRDA:188,11,0,2
DA:189,2
DA:195,2
DA:197,2
DA:198,2
DA:199,2
DA:203,7
DA:206,266
FN:206,CollateralManager.withdraw
FNDA:266,CollateralManager.withdraw
DA:207,266
BRDA:207,12,0,1
BRDA:207,12,1,265
DA:208,265
DA:209,265
FNF:18
FNH:18
LF:75
LH:75
BRF:25
BRH:23
end_of_record
TN:
SF:src/OrderManager.sol
DA:25,179
FN:25,OrderManager.constructor
FNDA:179,OrderManager.constructor
DA:30,179
BRDA:30,0,0,-
BRDA:30,0,1,179
DA:34,179
DA:35,179
BRDA:35,1,0,-
BRDA:35,1,1,179
DA:39,179
DA:42,9
FN:42,OrderManager.validOrderIndex
FNDA:9,OrderManager.validOrderIndex
DA:43,9
BRDA:43,2,0,1
BRDA:43,2,1,5
DA:47,308
FN:47,OrderManager.order
FNDA:308,OrderManager.order
DA:51,308
DA:53,305
DA:54,305
BRDA:54,3,0,3
BRDA:54,3,1,3
DA:55,3
DA:56,3
DA:57,3
DA:59,302
DA:60,302
DA:62,305
DA:73,305
DA:81,290
FN:81,OrderManager.setOrderMaxTime
FNDA:290,OrderManager.setOrderMaxTime
DA:85,288
DA:88,16
FN:88,OrderManager.depositShippingFee
FNDA:16,OrderManager.depositShippingFee
DA:91,16
DA:92,16
DA:95,19
FN:95,OrderManager.takeOrder
FNDA:19,OrderManager.takeOrder
DA:96,18
BRDA:96,4,0,1
BRDA:96,4,1,17
DA:100,17
DA:101,17
DA:109,5
FN:109,OrderManager.confirmOrder
FNDA:5,OrderManager.confirmOrder
DA:112,4
BRDA:112,5,0,1
BRDA:112,5,1,3
DA:116,3
BRDA:116,6,0,1
BRDA:116,6,1,2
DA:120,2
DA:127,2
DA:128,2
DA:131,6
FN:131,OrderManager.customerDispute
FNDA:6,OrderManager.customerDispute
DA:134,5
BRDA:134,7,0,1
BRDA:134,7,1,4
DA:138,4
BRDA:138,8,0,1
BRDA:138,8,1,3
DA:142,3
BRDA:142,9,0,1
BRDA:142,9,1,2
DA:143,1
DA:145,2
DA:149,2
DA:150,2
DA:154,9
FN:154,OrderManager.shippingServiceDispute
FNDA:9,OrderManager.shippingServiceDispute
DA:157,8
BRDA:157,10,0,1
BRDA:157,10,1,7
DA:161,7
DA:164,10
FN:164,OrderManager.resolveDispute
FNDA:10,OrderManager.resolveDispute
DA:168,8
DA:177,6
DA:178,6
FNF:10
FNH:10
LF:48
LH:48
BRF:22
BRH:20
end_of_record
TN:
SF:src/ProductManager.sol
DA:13,179
FN:13,ProductManager.constructor
FNDA:179,ProductManager.constructor
DA:14,179
BRDA:14,0,0,-
BRDA:14,0,1,179
DA:18,179
DA:21,179
FN:21,ProductManager.onlyCollateralManager
FNDA:179,ProductManager.onlyCollateralManager
DA:22,179
BRDA:22,1,0,-
BRDA:22,1,1,179
DA:29,271
FN:29,ProductManager.onlySeller
FNDA:271,ProductManager.onlySeller
DA:30,271
BRDA:30,2,0,2
BRDA:30,2,1,269
DA:37,578
FN:37,ProductManager.onlyOrderManager
FNDA:578,ProductManager.onlyOrderManager
DA:38,578
BRDA:38,3,0,1
BRDA:38,3,1,577
DA:45,179
FN:45,ProductManager.setOrderManager
FNDA:179,ProductManager.setOrderManager
DA:48,179
BRDA:48,4,0,-
BRDA:48,4,1,179
DA:49,179
DA:52,362
FN:52,ProductManager.addProduct
FNDA:362,ProductManager.addProduct
DA:57,362
BRDA:57,5,0,1
BRDA:57,5,1,361
DA:58,361
BRDA:58,6,0,3
BRDA:58,6,1,358
DA:66,358
DA:67,358
DA:68,358
DA:71,271
FN:71,ProductManager.updateQuantities
FNDA:271,ProductManager.updateQuantities
DA:75,269
BRDA:75,7,0,1
BRDA:75,7,1,268
DA:83,268
DA:86,271
FN:86,ProductManager.updatePrice
FNDA:271,ProductManager.updatePrice
DA:90,269
BRDA:90,8,0,1
BRDA:90,8,1,268
DA:98,268
DA:101,8
FN:101,ProductManager.removeProduct
FNDA:8,ProductManager.removeProduct
DA:102,6
DA:103,6
DA:104,6
DA:105,6
DA:108,11
FN:108,ProductManager.withdrawExcessProductCollateral
FNDA:11,ProductManager.withdrawExcessProductCollateral
DA:109,11
BRDA:109,9,0,2
BRDA:109,9,1,9
DA:113,9
DA:121,578
FN:121,ProductManager.order
FNDA:578,ProductManager.order
DA:126,577
BRDA:126,10,0,4
BRDA:126,10,1,573
DA:127,573
BRDA:127,11,0,2
BRDA:127,11,1,571
DA:131,571
FNF:11
FNH:11
LF:36
LH:36
BRF:24
BRH:21
end_of_record
TN:
SF:test/collateralManager/base/CollateralManagerTestBase.sol
DA:14,87
FN:14,CollateralManagerTestBase.setUp
FNDA:87,CollateralManagerTestBase.setUp
DA:15,87
DA:18,87
DA:19,87
DA:20,87
DA:21,87
DA:24,5
FN:24,CollateralManagerTestBase.setupProductCollateral
FNDA:5,CollateralManagerTestBase.setupProductCollateral
DA:30,5
DA:32,5
DA:33,5
DA:38,5
FN:38,CollateralManagerTestBase.createCompleteProduct
FNDA:5,CollateralManagerTestBase.createCompleteProduct
DA:44,5
DA:46,5
DA:47,5
DA:50,4
FN:50,CollateralManagerTestBase.createOrder
FNDA:4,CollateralManagerTestBase.createOrder
DA:51,4
DA:53,4
DA:54,4
DA:55,4
DA:58,267
FN:58,CollateralManagerTestBase.setupShippingService
FNDA:267,CollateralManagerTestBase.setupShippingService
DA:59,267
DA:60,267
FNF:5
FNH:5
LF:22
LH:22
BRF:0
BRH:0
end_of_record
TN:
SF:test/orderManager/base/OrderManagerTestBase.sol
DA:14,42
FN:14,OrderManagerTestBase.setUp
FNDA:42,OrderManagerTestBase.setUp
DA:15,42
DA:18,42
DA:19,42
DA:20,42
DA:21,42
DA:24,42
DA:27,42
FN:27,OrderManagerTestBase.setupProductForTesting
FNDA:42,OrderManagerTestBase.setupProductForTesting
DA:28,42
DA:30,42
DA:31,42
DA:34,42
DA:35,42
DA:38,30
FN:38,OrderManagerTestBase.createOrderAndGetIndex
FNDA:30,OrderManagerTestBase.createOrderAndGetIndex
DA:39,30
DA:41,30
DA:42,30
DA:45,11
FN:45,OrderManagerTestBase.setupCompleteOrder
FNDA:11,OrderManagerTestBase.setupCompleteOrder
DA:46,11
DA:49,11
DA:50,11
DA:53,11
DA:54,11
DA:57,11
DA:58,11
DA:61,11
DA:62,11
FNF:4
FNH:4
LF:27
LH:27
BRF:0
BRH:0
end_of_record
TN:
SF:test/productManager/base/ProductManagerTestBase.sol
DA:14,50
FN:14,ProductManagerTestBase.setUp
FNDA:50,ProductManagerTestBase.setUp
DA:15,50
DA:18,50
DA:19,50
DA:20,50
DA:21,50
DA:24,40
FN:24,ProductManagerTestBase.setupProductWithCollateral
FNDA:40,ProductManagerTestBase.setupProductWithCollateral
DA:30,40
DA:32,40
DA:33,40
DA:38,40
FN:38,ProductManagerTestBase.createCompleteProduct
FNDA:40,ProductManagerTestBase.createCompleteProduct
DA:44,40
DA:51,40
DA:52,40
FNF:3
FNH:3
LF:14
LH:14
BRF:0
BRH:0
end_of_record
TN:
SF:test/shared/BaseTest.sol
DA:25,179
FN:25,BaseTest.setUp
FNDA:179,BaseTest.setUp
DA:26,179
DA:27,179
DA:28,179
DA:29,179
DA:30,179
DA:31,179
DA:32,179
DA:34,179
DA:35,179
DA:36,179
DA:37,179
DA:38,179
DA:39,179
DA:40,179
DA:43,2472
FN:43,BaseTest.calculateRequiredCollateral
FNDA:2472,BaseTest.calculateRequiredCollateral
DA:47,2472
FNF:2
FNH:2
LF:17
LH:17
BRF:0
BRH:0
end_of_record
